TN:
SF:script/Counter.s.sol
FN:33,BridgeToken.run
FNDA:0,BridgeToken.run
DA:37,0
DA:39,0
DA:40,0
DA:42,0
DA:43,0
DA:45,0
DA:46,0
DA:47,0
DA:51,0
DA:53,0
DA:56,0
DA:58,0
FN:12,TokenScript.run
FNDA:0,TokenScript.run
DA:13,0
DA:14,0
DA:16,0
DA:17,0
DA:18,0
BRDA:18,0,0,-
BRDA:18,0,1,-
DA:19,0
DA:21,0
DA:26,0
DA:28,0
FNF:2
FNH:0
LF:21
LH:0
BRF:2
BRH:0
end_of_record
TN:
SF:script/Helper.sol
FN:71,Helper.getDummyTokensFromNetwork
FNDA:0,Helper.getDummyTokensFromNetwork
DA:76,0
BRDA:76,0,0,-
BRDA:76,0,1,-
DA:77,0
DA:78,0
BRDA:78,1,0,-
BRDA:78,1,1,-
DA:79,0
DA:80,0
BRDA:80,2,0,-
BRDA:80,2,1,-
DA:81,0
DA:82,0
BRDA:82,3,0,-
BRDA:82,3,1,-
DA:83,0
DA:84,0
BRDA:84,4,0,-
BRDA:84,4,1,-
DA:85,0
FN:89,Helper.getConfigFromNetwork
FNDA:0,Helper.getConfigFromNetwork
DA:94,0
BRDA:94,5,0,-
BRDA:94,5,1,-
DA:95,0
DA:96,0
BRDA:96,6,0,-
BRDA:96,6,1,-
DA:97,0
DA:98,0
BRDA:98,7,0,-
BRDA:98,7,1,-
DA:99,0
DA:100,0
BRDA:100,8,0,-
BRDA:100,8,1,-
DA:101,0
DA:102,0
BRDA:102,9,0,-
BRDA:102,9,1,-
DA:103,0
FNF:2
FNH:0
LF:20
LH:0
BRF:20
BRH:0
end_of_record
TN:
SF:src/VmexToken.sol
FN:47,VMEXToken.allowlistChain
FNDA:1,VMEXToken.allowlistChain
DA:48,1
FN:51,VMEXToken.withdrawGasTokens
FNDA:0,VMEXToken.withdrawGasTokens
DA:52,0
FN:55,VMEXToken.withdraw
FNDA:0,VMEXToken.withdraw
DA:56,0
DA:57,0
DA:58,0
BRDA:58,0,0,-
BRDA:58,0,1,-
FN:61,VMEXToken.toggleOpenStatus
FNDA:0,VMEXToken.toggleOpenStatus
DA:62,0
BRDA:62,1,0,-
BRDA:62,1,1,-
DA:63,0
DA:65,0
FN:76,VMEXToken.bridge
FNDA:1,VMEXToken.bridge
DA:82,1
DA:83,1
BRDA:83,2,0,-
BRDA:83,2,1,1
DA:84,0
DA:87,1
DA:90,1
DA:98,1
DA:100,1
BRDA:100,3,0,-
BRDA:100,3,1,1
DA:102,1
BRDA:102,4,0,-
BRDA:102,4,1,1
DA:103,0
DA:106,1
DA:110,0
BRDA:110,5,0,-
BRDA:110,5,1,-
DA:111,0
DA:114,0
FN:117,VMEXToken._ccipReceive
FNDA:0,VMEXToken._ccipReceive
DA:118,0
DA:119,0
BRDA:119,6,0,-
BRDA:119,6,1,-
DA:120,0
DA:123,0
BRDA:123,7,0,-
BRDA:123,7,1,-
DA:124,0
DA:127,0
DA:128,0
FNF:6
FNH:2
LF:28
LH:9
BRF:16
BRH:3
end_of_record
TN:
SF:test/mocks/CCIPRouterMock.sol
FN:14,CCIPRouterMock.setFee
FNDA:0,CCIPRouterMock.setFee
DA:15,0
FN:18,CCIPRouterMock.setSupportedChain
FNDA:0,CCIPRouterMock.setSupportedChain
DA:19,0
FN:22,CCIPRouterMock.isChainSupported
FNDA:0,CCIPRouterMock.isChainSupported
DA:23,0
FN:26,CCIPRouterMock.getSupportedTokens
FNDA:0,CCIPRouterMock.getSupportedTokens
DA:27,0
FN:30,CCIPRouterMock.getFee
FNDA:1,CCIPRouterMock.getFee
DA:35,1
FN:38,CCIPRouterMock.setMessageId
FNDA:0,CCIPRouterMock.setMessageId
DA:39,0
FN:42,CCIPRouterMock.ccipSend
FNDA:1,CCIPRouterMock.ccipSend
DA:46,1
FN:49,CCIPRouterMock.ccipReceive
FNDA:0,CCIPRouterMock.ccipReceive
DA:50,0
FNF:8
FNH:2
LF:8
LH:2
BRF:0
BRH:0
end_of_record
