TN:
SF:script/Counter.s.sol
FN:47,BridgeToken.run
FNDA:0,BridgeToken.run
DA:48,0
DA:50,0
DA:51,0
DA:53,0
DA:54,0
DA:56,0
DA:57,0
DA:58,0
DA:62,0
DA:64,0
DA:67,0
DA:69,0
FN:12,TokenScript.run
FNDA:0,TokenScript.run
DA:13,0
DA:14,0
DA:16,0
DA:17,0
DA:18,0
BRDA:18,0,0,-
BRDA:18,0,1,-
DA:19,0
DA:21,0
DA:26,0
DA:28,0
FN:33,WhitelistToken.whitelist
FNDA:0,WhitelistToken.whitelist
DA:34,0
DA:35,0
DA:37,0
DA:38,0
DA:40,0
DA:42,0
FNF:3
FNH:0
LF:27
LH:0
BRF:2
BRH:0
end_of_record
TN:
SF:script/Helper.sol
FN:71,Helper.getDummyTokensFromNetwork
FNDA:0,Helper.getDummyTokensFromNetwork
DA:76,0
BRDA:76,0,0,-
BRDA:76,0,1,-
DA:77,0
DA:78,0
BRDA:78,1,0,-
BRDA:78,1,1,-
DA:79,0
DA:80,0
BRDA:80,2,0,-
BRDA:80,2,1,-
DA:81,0
DA:82,0
BRDA:82,3,0,-
BRDA:82,3,1,-
DA:83,0
DA:84,0
BRDA:84,4,0,-
BRDA:84,4,1,-
DA:85,0
FN:89,Helper.getConfigFromNetwork
FNDA:0,Helper.getConfigFromNetwork
DA:94,0
BRDA:94,5,0,-
BRDA:94,5,1,-
DA:95,0
DA:96,0
BRDA:96,6,0,-
BRDA:96,6,1,-
DA:97,0
DA:98,0
BRDA:98,7,0,-
BRDA:98,7,1,-
DA:99,0
DA:100,0
BRDA:100,8,0,-
BRDA:100,8,1,-
DA:101,0
DA:102,0
BRDA:102,9,0,-
BRDA:102,9,1,-
DA:103,0
FNF:2
FNH:0
LF:20
LH:0
BRF:20
BRH:0
end_of_record
TN:
SF:src/VmexToken.sol
FN:53,VMEXToken.addVmexTokenOnChain
FNDA:9,VMEXToken.addVmexTokenOnChain
DA:54,9
BRDA:54,0,0,1
BRDA:54,0,1,8
DA:56,8
DA:58,8
FN:61,VMEXToken.withdrawToken
FNDA:1,VMEXToken.withdrawToken
DA:62,1
FN:65,VMEXToken.withdrawNative
FNDA:1,VMEXToken.withdrawNative
DA:66,1
FN:75,VMEXToken.bridge
FNDA:5,VMEXToken.bridge
DA:82,5
DA:83,5
BRDA:83,1,0,1
BRDA:83,1,1,4
DA:84,1
DA:87,4
DA:89,4
DA:97,4
DA:99,4
BRDA:99,2,0,-
BRDA:99,2,1,2
DA:100,3
BRDA:100,3,0,1
BRDA:100,3,1,2
DA:101,1
DA:104,2
BRDA:104,4,0,1
BRDA:104,4,1,2
DA:106,1
DA:110,2
DA:113,1
DA:115,1
FN:118,VMEXToken._ccipReceive
FNDA:3,VMEXToken._ccipReceive
DA:119,3
DA:120,3
DA:121,3
BRDA:121,5,0,1
BRDA:121,5,1,2
DA:122,1
DA:125,2
DA:126,2
BRDA:126,6,0,1
BRDA:126,6,1,1
DA:127,1
DA:130,1
DA:131,1
FN:135,VMEXToken.setRouter
FNDA:1,VMEXToken.setRouter
DA:136,1
DA:137,1
FN:141,VMEXToken.supportsInterface
FNDA:0,VMEXToken.supportsInterface
DA:142,0
FN:145,VMEXToken.ccipReceive
FNDA:3,VMEXToken.ccipReceive
DA:146,3
FNF:8
FNH:7
LF:32
LH:31
BRF:14
BRH:13
end_of_record
TN:
SF:test/mocks/CCIPRouterMock.sol
FN:25,CCIPRouterMock.setFee
FNDA:14,CCIPRouterMock.setFee
DA:26,14
FN:29,CCIPRouterMock.setSupportedChain
FNDA:0,CCIPRouterMock.setSupportedChain
DA:30,0
FN:33,CCIPRouterMock.isChainSupported
FNDA:0,CCIPRouterMock.isChainSupported
DA:34,0
FN:37,CCIPRouterMock.getSupportedTokens
FNDA:0,CCIPRouterMock.getSupportedTokens
DA:38,0
FN:41,CCIPRouterMock.getFee
FNDA:4,CCIPRouterMock.getFee
DA:42,4
FN:45,CCIPRouterMock.setMessageId
FNDA:14,CCIPRouterMock.setMessageId
DA:46,14
FN:49,CCIPRouterMock.ccipSend
FNDA:3,CCIPRouterMock.ccipSend
DA:50,3
BRDA:50,0,0,1
BRDA:50,0,1,2
DA:51,1
DA:52,2
BRDA:52,1,0,-
BRDA:52,1,1,2
DA:53,2
BRDA:53,2,0,-
BRDA:53,2,1,2
DA:55,0
DA:58,3
FN:61,CCIPRouterMock.ccipReceive
FNDA:3,CCIPRouterMock.ccipReceive
DA:62,3
FNF:8
FNH:5
LF:13
LH:9
BRF:6
BRH:4
end_of_record
